0 info it worked if it ends with ok
1 verbose cli [ '/usr/local/bin/node', '/usr/local/bin/npm', 'run', 'prod' ]
2 info using npm@3.3.12
3 info using node@v5.4.1
4 verbose run-script [ 'preprod', 'prod', 'postprod' ]
5 info lifecycle illustrate@1.0.0~preprod: illustrate@1.0.0
6 silly lifecycle illustrate@1.0.0~preprod: no script for preprod, continuing
7 info lifecycle illustrate@1.0.0~prod: illustrate@1.0.0
8 verbose lifecycle illustrate@1.0.0~prod: unsafe-perm in lifecycle true
9 verbose lifecycle illustrate@1.0.0~prod: PATH: /usr/local/lib/node_modules/npm/bin/node-gyp-bin:/Users/gabrielpsamson/Desktop/illustrate/app/node_modules/.bin:/usr/local/bin:/usr/bin:/bin:/usr/sbin:/sbin:/opt/X11/bin:/usr/local/git/bin
10 verbose lifecycle illustrate@1.0.0~prod: CWD: /Users/gabrielpsamson/Desktop/illustrate/app
11 silly lifecycle illustrate@1.0.0~prod: Args: [ '-c', 'node ./src/index.js' ]
12 silly lifecycle illustrate@1.0.0~prod: Returned: code: 1  signal: null
13 info lifecycle illustrate@1.0.0~prod: Failed to exec prod script
14 verbose stack Error: illustrate@1.0.0 prod: `node ./src/index.js`
14 verbose stack Exit status 1
14 verbose stack     at EventEmitter.<anonymous> (/usr/local/lib/node_modules/npm/lib/utils/lifecycle.js:232:16)
14 verbose stack     at emitTwo (events.js:87:13)
14 verbose stack     at EventEmitter.emit (events.js:172:7)
14 verbose stack     at ChildProcess.<anonymous> (/usr/local/lib/node_modules/npm/lib/utils/spawn.js:24:14)
14 verbose stack     at emitTwo (events.js:87:13)
14 verbose stack     at ChildProcess.emit (events.js:172:7)
14 verbose stack     at maybeClose (internal/child_process.js:821:16)
14 verbose stack     at Process.ChildProcess._handle.onexit (internal/child_process.js:211:5)
15 verbose pkgid illustrate@1.0.0
16 verbose cwd /Users/gabrielpsamson/Desktop/illustrate/app
17 error Darwin 15.0.0
18 error argv "/usr/local/bin/node" "/usr/local/bin/npm" "run" "prod"
19 error node v5.4.1
20 error npm  v3.3.12
21 error code ELIFECYCLE
22 error illustrate@1.0.0 prod: `node ./src/index.js`
22 error Exit status 1
23 error Failed at the illustrate@1.0.0 prod script 'node ./src/index.js'.
23 error Make sure you have the latest version of node.js and npm installed.
23 error If you do, this is most likely a problem with the illustrate package,
23 error not with npm itself.
23 error Tell the author that this fails on your system:
23 error     node ./src/index.js
23 error You can get their info via:
23 error     npm owner ls illustrate
23 error There is likely additional logging output above.
24 verbose exit [ 1, true ]
